MODEL=facebook/opt-2.7b TASK=SST2 MODE=ft LR=1e-6 EPS=1e-3 SEED=26 STEPS=4000 ENHANCED=zo bash mezo.sh
mezo-ft-4000-16-1e-6-1e-3-26
BS: 16
LR: 1e-6
EPS: 1e-3
SEED: 26
TRAIN/EVAL STEPS: 4000/500
MODE: ft
Extra args:
2025-01-03 16:33:56.443168: I tensorflow/core/util/port.cc:153] oneDNN custom operations are on. You may see slightly different numerical results due to floating-point round-off errors from different computation orders. To turn them off, set the environment variable `TF_ENABLE_ONEDNN_OPTS=0`.
2025-01-03 16:33:56.445461: I external/local_xla/xla/tsl/cuda/cudart_stub.cc:32] Could not find cuda drivers on your machine, GPU will not be used.
2025-01-03 16:33:56.450482: E external/local_xla/xla/stream_executor/cuda/cuda_fft.cc:477] Unable to register cuFFT factory: Attempting to register factory for plugin cuFFT when one has already been registered
WARNING: All log messages before absl::InitializeLog() is called are written to STDERR
E0000 00:00:1741037636.458774 1071393 cuda_dnn.cc:8310] Unable to register cuDNN factory: Attempting to register factory for plugin cuDNN when one has already been registered
E0000 00:00:1741037636.461126 1071393 cuda_blas.cc:1418] Unable to register cuBLAS factory: Attempting to register factory for plugin cuBLAS when one has already been registered
2025-01-03 16:33:56.469453: I tensorflow/core/platform/cpu_feature_guard.cc:210] This TensorFlow binary is optimized to use available CPU instructions in performance-critical operations.
To enable the following instructions: AVX2 AVX_VNNI FMA, in other operations, rebuild TensorFlow with the appropriate compiler flags.
2025-01-03 16:33:57,174 - INFO - Note: NumExpr detected 32 cores but "NUMEXPR_MAX_THREADS" not set, so enforcing safe limit of 16.
2025-01-03 16:33:57,174 - INFO - NumExpr defaulting to 16 threads.
2025-01-03 16:33:57,241 - INFO - PyTorch version 2.4.0+cu118 available.
2025-01-03 16:33:57,241 - INFO - TensorFlow version 2.18.0 available.
2025-01-03 16:33:57,241 - INFO - JAX version 0.4.35 available.
2025-01-03 16:34:00,178 - INFO - Loading model with FP16...
2025-01-03 16:34:03,745 - INFO - Done with 3.57s
2025-01-03 16:34:03,767 - INFO - Tokenizing training samples...
2025-01-03 16:34:04,208 - INFO - Done with 0.44s
2025-01-03 16:34:05,896 - INFO - ***** Running training *****
2025-01-03 16:34:05,896 - INFO -   Num examples = 1000
2025-01-03 16:34:05,896 - INFO -   Num Epochs = 64
2025-01-03 16:34:05,896 - INFO -   Instantaneous batch size per device = 16
2025-01-03 16:34:05,896 - INFO -   Total train batch size (w. parallel, distributed & accumulation) = 16
2025-01-03 16:34:05,896 - INFO -   Gradient Accumulation steps = 1
2025-01-03 16:34:05,896 - INFO -   Total optimization steps = 4000
2025-01-03 16:34:05,897 - INFO -   Number of trainable parameters = 2651596800
  1%|██▎                                                                                                                                                                                         | 50/4000 [00:14<40:57,  1.61it/s]2025-01-03 16:34:19,985 - INFO - {'loss': 1.29, 'epoch': 0, 'lr': 9.938749999999999e-07}
  2%|████▋                                                                                                                                                                                      | 100/4000 [00:27<40:16,  1.61it/s]2025-01-03 16:34:33,167 - INFO - {'loss': 0.479, 'epoch': 1, 'lr': 9.87625e-07}
2025-01-03 16:34:42,453 - INFO - Eval results: {'accuracy': 0.58, 'global_step': 100}
2025-01-03 16:34:42,454 - INFO - Best dev result: 0.58
  4%|███████                                                                                                                                                                                    | 150/4000 [00:50<40:08,  1.60it/s]2025-01-03 16:34:56,859 - INFO - {'loss': 0.6948, 'epoch': 2, 'lr': 9.81375e-07}
  5%|█████████▎                                                                                                                                                                                 | 200/4000 [01:04<41:43,  1.52it/s]2025-01-03 16:35:09,974 - INFO - {'loss': 0.4011, 'epoch': 3, 'lr': 9.75125e-07}
2025-01-03 16:35:19,253 - INFO - Eval results: {'accuracy': 0.636, 'global_step': 200}
2025-01-03 16:35:19,253 - INFO - Best dev result: 0.636
  6%|███████████▋                                                                                                                                                                               | 250/4000 [01:27<39:00,  1.60it/s]2025-01-03 16:35:33,851 - INFO - {'loss': 0.5723, 'epoch': 3, 'lr': 9.688749999999999e-07}
  8%|██████████████                                                                                                                                                                             | 300/4000 [01:41<39:09,  1.57it/s]2025-01-03 16:35:46,988 - INFO - {'loss': 0.5791, 'epoch': 4, 'lr': 9.62625e-07}
2025-01-03 16:35:56,271 - INFO - Eval results: {'accuracy': 0.716, 'global_step': 300}
2025-01-03 16:35:56,271 - INFO - Best dev result: 0.716
  9%|████████████████▎                                                                                                                                                                          | 350/4000 [02:04<38:39,  1.57it/s]2025-01-03 16:36:10,610 - INFO - {'loss': 0.7051, 'epoch': 5, 'lr': 9.56375e-07}
 10%|██████████████████▋                                                                                                                                                                        | 400/4000 [02:17<38:29,  1.56it/s]2025-01-03 16:36:23,912 - INFO - {'loss': 0.3591, 'epoch': 6, 'lr': 9.50125e-07}
2025-01-03 16:36:33,193 - INFO - Eval results: {'accuracy': 0.78, 'global_step': 400}
2025-01-03 16:36:33,194 - INFO - Best dev result: 0.78
 11%|█████████████████████                                                                                                                                                                      | 450/4000 [02:41<38:33,  1.53it/s]2025-01-03 16:36:47,492 - INFO - {'loss': 0.3118, 'epoch': 7, 'lr': 9.43875e-07}
 12%|███████████████████████▍                                                                                                                                                                   | 500/4000 [02:54<36:12,  1.61it/s]2025-01-03 16:37:00,639 - INFO - {'loss': 0.4604, 'epoch': 7, 'lr': 9.37625e-07}
2025-01-03 16:37:09,919 - INFO - Eval results: {'accuracy': 0.822, 'global_step': 500}
2025-01-03 16:37:09,920 - INFO - Best dev result: 0.822
 14%|█████████████████████████▋                                                                                                                                                                 | 550/4000 [03:18<34:55,  1.65it/s]2025-01-03 16:37:24,002 - INFO - {'loss': 0.4485, 'epoch': 8, 'lr': 9.313749999999999e-07}
 15%|████████████████████████████                                                                                                                                                               | 600/4000 [03:31<35:29,  1.60it/s]2025-01-03 16:37:37,162 - INFO - {'loss': 0.6479, 'epoch': 9, 'lr': 9.251249999999999e-07}
2025-01-03 16:37:46,444 - INFO - Eval results: {'accuracy': 0.826, 'global_step': 600}
2025-01-03 16:37:46,444 - INFO - Best dev result: 0.826
 16%|██████████████████████████████▍                                                                                                                                                            | 650/4000 [03:54<35:16,  1.58it/s]2025-01-03 16:38:00,477 - INFO - {'loss': 0.7363, 'epoch': 10, 'lr': 9.18875e-07}
 18%|████████████████████████████████▋                                                                                                                                                          | 700/4000 [04:07<34:36,  1.59it/s]2025-01-03 16:38:13,610 - INFO - {'loss': 0.4607, 'epoch': 11, 'lr': 9.12625e-07}
2025-01-03 16:38:22,895 - INFO - Eval results: {'accuracy': 0.856, 'global_step': 700}
2025-01-03 16:38:22,895 - INFO - Best dev result: 0.856
 19%|███████████████████████████████████                                                                                                                                                        | 750/4000 [04:30<33:42,  1.61it/s]2025-01-03 16:38:36,863 - INFO - {'loss': 0.3623, 'epoch': 11, 'lr': 9.06375e-07}
 20%|█████████████████████████████████████▍                                                                                                                                                     | 800/4000 [04:44<33:45,  1.58it/s]2025-01-03 16:38:50,040 - INFO - {'loss': 0.6392, 'epoch': 12, 'lr': 9.001249999999999e-07}
2025-01-03 16:38:59,325 - INFO - Eval results: {'accuracy': 0.868, 'global_step': 800}
2025-01-03 16:38:59,326 - INFO - Best dev result: 0.868
 21%|███████████████████████████████████████▋                                                                                                                                                   | 850/4000 [05:07<31:09,  1.68it/s]2025-01-03 16:39:13,004 - INFO - {'loss': 0.6577, 'epoch': 13, 'lr': 8.93875e-07}
 22%|██████████████████████████████████████████                                                                                                                                                 | 900/4000 [05:20<32:30,  1.59it/s]2025-01-03 16:39:26,082 - INFO - {'loss': 0.2742, 'epoch': 14, 'lr': 8.876249999999999e-07}
2025-01-03 16:39:35,368 - INFO - Eval results: {'accuracy': 0.876, 'global_step': 900}
2025-01-03 16:39:35,368 - INFO - Best dev result: 0.876
 24%|████████████████████████████████████████████▍                                                                                                                                              | 950/4000 [05:43<30:55,  1.64it/s]2025-01-03 16:39:49,007 - INFO - {'loss': 0.5464, 'epoch': 15, 'lr': 8.81375e-07}
 25%|██████████████████████████████████████████████▌                                                                                                                                           | 1000/4000 [05:56<31:09,  1.61it/s]2025-01-03 16:40:02,171 - INFO - {'loss': 0.2981, 'epoch': 15, 'lr': 8.75125e-07}
2025-01-03 16:40:11,456 - INFO - Eval results: {'accuracy': 0.884, 'global_step': 1000}
2025-01-03 16:40:11,456 - INFO - Best dev result: 0.884
 26%|████████████████████████████████████████████████▊                                                                                                                                         | 1050/4000 [06:19<30:52,  1.59it/s]2025-01-03 16:40:25,391 - INFO - {'loss': 0.2583, 'epoch': 16, 'lr': 8.68875e-07}
 28%|███████████████████████████████████████████████████▏                                                                                                                                      | 1100/4000 [06:32<31:10,  1.55it/s]2025-01-03 16:40:38,397 - INFO - {'loss': 0.4016, 'epoch': 17, 'lr': 8.62625e-07}
2025-01-03 16:40:47,682 - INFO - Eval results: {'accuracy': 0.884, 'global_step': 1100}
2025-01-03 16:40:47,682 - INFO - Best dev result: 0.884
 29%|█████████████████████████████████████████████████████▍                                                                                                                                    | 1150/4000 [06:55<30:06,  1.58it/s]2025-01-03 16:41:01,502 - INFO - {'loss': 0.2207, 'epoch': 18, 'lr': 8.563749999999999e-07}
 30%|███████████████████████████████████████████████████████▊                                                                                                                                  | 1200/4000 [07:08<29:09,  1.60it/s]2025-01-03 16:41:14,816 - INFO - {'loss': 0.2991, 'epoch': 19, 'lr': 8.50125e-07}
2025-01-03 16:41:24,102 - INFO - Eval results: {'accuracy': 0.882, 'global_step': 1200}
 31%|██████████████████████████████████████████████████████████▏                                                                                                                               | 1250/4000 [07:31<28:00,  1.64it/s]2025-01-03 16:41:37,296 - INFO - {'loss': 0.1658, 'epoch': 19, 'lr': 8.438749999999999e-07}
 32%|████████████████████████████████████████████████████████████▍                                                                                                                             | 1300/4000 [07:44<26:55,  1.67it/s]2025-01-03 16:41:50,415 - INFO - {'loss': 0.2615, 'epoch': 20, 'lr': 8.37625e-07}
2025-01-03 16:41:59,693 - INFO - Eval results: {'accuracy': 0.898, 'global_step': 1300}
2025-01-03 16:41:59,693 - INFO - Best dev result: 0.898
 34%|██████████████████████████████████████████████████████████████▊                                                                                                                           | 1350/4000 [08:07<27:11,  1.62it/s]2025-01-03 16:42:13,243 - INFO - {'loss': 0.3132, 'epoch': 21, 'lr': 8.313749999999999e-07}
 35%|█████████████████████████████████████████████████████████████████                                                                                                                         | 1400/4000 [08:20<27:21,  1.58it/s]2025-01-03 16:42:26,317 - INFO - {'loss': 0.3821, 'epoch': 22, 'lr': 8.25125e-07}
2025-01-03 16:42:35,597 - INFO - Eval results: {'accuracy': 0.912, 'global_step': 1400}
2025-01-03 16:42:35,598 - INFO - Best dev result: 0.912
 36%|███████████████████████████████████████████████████████████████████▍                                                                                                                      | 1450/4000 [08:43<27:24,  1.55it/s]2025-01-03 16:42:49,380 - INFO - {'loss': 0.2939, 'epoch': 23, 'lr': 8.18875e-07}
 38%|█████████████████████████████████████████████████████████████████████▊                                                                                                                    | 1500/4000 [08:56<26:12,  1.59it/s]2025-01-03 16:43:02,589 - INFO - {'loss': 0.1914, 'epoch': 23, 'lr': 8.126249999999999e-07}
2025-01-03 16:43:11,872 - INFO - Eval results: {'accuracy': 0.902, 'global_step': 1500}
 39%|████████████████████████████████████████████████████████████████████████                                                                                                                  | 1550/4000 [09:19<26:27,  1.54it/s]2025-01-03 16:43:25,064 - INFO - {'loss': 0.2622, 'epoch': 24, 'lr': 8.063750000000001e-07}
 40%|██████████████████████████████████████████████████████████████████████████▍                                                                                                               | 1600/4000 [09:32<24:30,  1.63it/s]2025-01-03 16:43:38,135 - INFO - {'loss': 0.4084, 'epoch': 25, 'lr': 8.001249999999999e-07}
2025-01-03 16:43:47,413 - INFO - Eval results: {'accuracy': 0.9, 'global_step': 1600}
 41%|████████████████████████████████████████████████████████████████████████████▋                                                                                                             | 1650/4000 [09:54<24:50,  1.58it/s]2025-01-03 16:44:00,545 - INFO - {'loss': 0.1541, 'epoch': 26, 'lr': 7.93875e-07}
 42%|███████████████████████████████████████████████████████████████████████████████                                                                                                           | 1700/4000 [10:07<23:23,  1.64it/s]2025-01-03 16:44:13,533 - INFO - {'loss': 0.2566, 'epoch': 26, 'lr': 7.876249999999999e-07}
2025-01-03 16:44:22,814 - INFO - Eval results: {'accuracy': 0.892, 'global_step': 1700}
 44%|█████████████████████████████████████████████████████████████████████████████████▍                                                                                                        | 1750/4000 [10:30<23:47,  1.58it/s]2025-01-03 16:44:36,009 - INFO - {'loss': 0.1857, 'epoch': 27, 'lr': 7.813749999999999e-07}
 45%|███████████████████████████████████████████████████████████████████████████████████▋                                                                                                      | 1800/4000 [10:43<23:28,  1.56it/s]2025-01-03 16:44:49,155 - INFO - {'loss': 0.1746, 'epoch': 28, 'lr': 7.751250000000001e-07}
2025-01-03 16:44:58,429 - INFO - Eval results: {'accuracy': 0.916, 'global_step': 1800}
2025-01-03 16:44:58,430 - INFO - Best dev result: 0.916
 46%|██████████████████████████████████████████████████████████████████████████████████████                                                                                                    | 1850/4000 [11:06<22:02,  1.63it/s]2025-01-03 16:45:12,006 - INFO - {'loss': 0.3921, 'epoch': 29, 'lr': 7.688749999999999e-07}
 48%|████████████████████████████████████████████████████████████████████████████████████████▎                                                                                                 | 1900/4000 [11:19<21:16,  1.65it/s]2025-01-03 16:45:25,119 - INFO - {'loss': 0.2849, 'epoch': 30, 'lr': 7.62625e-07}
2025-01-03 16:45:34,393 - INFO - Eval results: {'accuracy': 0.91, 'global_step': 1900}
 49%|██████████████████████████████████████████████████████████████████████████████████████████▋                                                                                               | 1950/4000 [11:41<20:58,  1.63it/s]2025-01-03 16:45:47,535 - INFO - {'loss': 0.1242, 'epoch': 30, 'lr': 7.56375e-07}
 50%|█████████████████████████████████████████████████████████████████████████████████████████████                                                                                             | 2000/4000 [11:54<20:32,  1.62it/s]2025-01-03 16:46:00,791 - INFO - {'loss': 0.2086, 'epoch': 31, 'lr': 7.501249999999999e-07}
2025-01-03 16:46:10,048 - INFO - Eval results: {'accuracy': 0.902, 'global_step': 2000}
 51%|███████████████████████████████████████████████████████████████████████████████████████████████▎                                                                                          | 2050/4000 [12:17<20:37,  1.58it/s]2025-01-03 16:46:23,018 - INFO - {'loss': 0.1465, 'epoch': 32, 'lr': 7.43875e-07}
 52%|█████████████████████████████████████████████████████████████████████████████████████████████████▋                                                                                        | 2100/4000 [12:30<21:53,  1.45it/s]2025-01-03 16:46:36,506 - INFO - {'loss': 0.302, 'epoch': 33, 'lr': 7.37625e-07}
2025-01-03 16:46:45,779 - INFO - Eval results: {'accuracy': 0.902, 'global_step': 2100}
 54%|███████████████████████████████████████████████████████████████████████████████████████████████████▉                                                                                      | 2150/4000 [12:52<19:13,  1.60it/s]2025-01-03 16:46:58,635 - INFO - {'loss': 0.1209, 'epoch': 34, 'lr': 7.313749999999999e-07}
 55%|██████████████████████████████████████████████████████████████████████████████████████████████████████▎                                                                                   | 2200/4000 [13:05<18:34,  1.61it/s]2025-01-03 16:47:11,683 - INFO - {'loss': 0.3528, 'epoch': 34, 'lr': 7.25125e-07}
2025-01-03 16:47:20,958 - INFO - Eval results: {'accuracy': 0.908, 'global_step': 2200}
 56%|████████████████████████████████████████████████████████████████████████████████████████████████████████▋                                                                                 | 2250/4000 [13:28<17:55,  1.63it/s]2025-01-03 16:47:34,039 - INFO - {'loss': 0.3518, 'epoch': 35, 'lr': 7.188749999999999e-07}
 57%|██████████████████████████████████████████████████████████████████████████████████████████████████████████▉                                                                               | 2300/4000 [13:41<17:19,  1.64it/s]2025-01-03 16:47:47,258 - INFO - {'loss': 0.22, 'epoch': 36, 'lr': 7.12625e-07}
2025-01-03 16:47:56,534 - INFO - Eval results: {'accuracy': 0.922, 'global_step': 2300}
2025-01-03 16:47:56,534 - INFO - Best dev result: 0.922
 59%|█████████████████████████████████████████████████████████████████████████████████████████████████████████████▎                                                                            | 2350/4000 [14:04<16:50,  1.63it/s]2025-01-03 16:48:10,264 - INFO - {'loss': 0.3286, 'epoch': 37, 'lr': 7.06375e-07}
 60%|███████████████████████████████████████████████████████████████████████████████████████████████████████████████▌                                                                          | 2400/4000 [14:17<16:46,  1.59it/s]2025-01-03 16:48:23,312 - INFO - {'loss': 0.311, 'epoch': 38, 'lr': 7.001249999999999e-07}
2025-01-03 16:48:32,594 - INFO - Eval results: {'accuracy': 0.912, 'global_step': 2400}
 61%|█████████████████████████████████████████████████████████████████████████████████████████████████████████████████▉                                                                        | 2450/4000 [14:39<15:30,  1.67it/s]2025-01-03 16:48:45,831 - INFO - {'loss': 0.5356, 'epoch': 38, 'lr': 6.93875e-07}
 62%|████████████████████████████████████████████████████████████████████████████████████████████████████████████████████▎                                                                     | 2500/4000 [14:53<15:38,  1.60it/s]2025-01-03 16:48:59,040 - INFO - {'loss': 0.2856, 'epoch': 39, 'lr': 6.876249999999999e-07}
2025-01-03 16:49:08,320 - INFO - Eval results: {'accuracy': 0.918, 'global_step': 2500}
 64%|██████████████████████████████████████████████████████████████████████████████████████████████████████████████████████▌                                                                   | 2550/4000 [15:15<14:59,  1.61it/s]2025-01-03 16:49:21,422 - INFO - {'loss': 0.3091, 'epoch': 40, 'lr': 6.81375e-07}
 65%|████████████████████████████████████████████████████████████████████████████████████████████████████████████████████████▉                                                                 | 2600/4000 [15:28<14:59,  1.56it/s]2025-01-03 16:49:34,548 - INFO - {'loss': 0.3574, 'epoch': 41, 'lr': 6.75125e-07}
2025-01-03 16:49:43,827 - INFO - Eval results: {'accuracy': 0.918, 'global_step': 2600}
 66%|███████████████████████████████████████████████████████████████████████████████████████████████████████████████████████████▏                                                              | 2650/4000 [15:50<14:21,  1.57it/s]2025-01-03 16:49:56,863 - INFO - {'loss': 0.2379, 'epoch': 42, 'lr': 6.68875e-07}
 68%|█████████████████████████████████████████████████████████████████████████████████████████████████████████████████████████████▌                                                            | 2700/4000 [16:04<13:34,  1.60it/s]2025-01-03 16:50:09,969 - INFO - {'loss': 0.2678, 'epoch': 42, 'lr': 6.62625e-07}
2025-01-03 16:50:19,244 - INFO - Eval results: {'accuracy': 0.92, 'global_step': 2700}
 69%|███████████████████████████████████████████████████████████████████████████████████████████████████████████████████████████████▉                                                          | 2750/4000 [16:26<12:46,  1.63it/s]2025-01-03 16:50:32,373 - INFO - {'loss': 0.3416, 'epoch': 43, 'lr': 6.563749999999999e-07}
 70%|██████████████████████████████████████████████████████████████████████████████████████████████████████████████████████████████████▏                                                       | 2800/4000 [16:39<12:24,  1.61it/s]2025-01-03 16:50:45,497 - INFO - {'loss': 0.4114, 'epoch': 44, 'lr': 6.501250000000001e-07}
2025-01-03 16:50:54,770 - INFO - Eval results: {'accuracy': 0.922, 'global_step': 2800}
2025-01-03 16:50:54,770 - INFO - Best dev result: 0.922
 71%|████████████████████████████████████████████████████████████████████████████████████████████████████████████████████████████████████▌                                                     | 2850/4000 [17:02<11:46,  1.63it/s]2025-01-03 16:51:08,289 - INFO - {'loss': 0.3364, 'epoch': 45, 'lr': 6.438749999999999e-07}
 72%|██████████████████████████████████████████████████████████████████████████████████████████████████████████████████████████████████████▊                                                   | 2900/4000 [17:15<11:21,  1.61it/s]2025-01-03 16:51:21,549 - INFO - {'loss': 0.1919, 'epoch': 46, 'lr': 6.37625e-07}
2025-01-03 16:51:30,834 - INFO - Eval results: {'accuracy': 0.924, 'global_step': 2900}
2025-01-03 16:51:30,834 - INFO - Best dev result: 0.924
 74%|█████████████████████████████████████████████████████████████████████████████████████████████████████████████████████████████████████████▏                                                | 2950/4000 [17:38<10:59,  1.59it/s]2025-01-03 16:51:44,470 - INFO - {'loss': 0.2666, 'epoch': 46, 'lr': 6.31375e-07}
 75%|███████████████████████████████████████████████████████████████████████████████████████████████████████████████████████████████████████████▌                                              | 3000/4000 [17:51<11:09,  1.49it/s]2025-01-03 16:51:57,775 - INFO - {'loss': 0.335, 'epoch': 47, 'lr': 6.251249999999999e-07}
2025-01-03 16:52:07,057 - INFO - Eval results: {'accuracy': 0.918, 'global_step': 3000}
 76%|█████████████████████████████████████████████████████████████████████████████████████████████████████████████████████████████████████████████▊                                            | 3050/4000 [18:14<10:01,  1.58it/s]2025-01-03 16:52:20,240 - INFO - {'loss': 0.3574, 'epoch': 48, 'lr': 6.188750000000001e-07}
 78%|████████████████████████████████████████████████████████████████████████████████████████████████████████████████████████████████████████████████▏                                         | 3100/4000 [18:27<09:30,  1.58it/s]2025-01-03 16:52:33,359 - INFO - {'loss': 0.1819, 'epoch': 49, 'lr': 6.126249999999999e-07}
2025-01-03 16:52:42,642 - INFO - Eval results: {'accuracy': 0.908, 'global_step': 3100}
 79%|██████████████████████████████████████████████████████████████████████████████████████████████████████████████████████████████████████████████████▍                                       | 3150/4000 [18:49<08:15,  1.71it/s]2025-01-03 16:52:55,713 - INFO - {'loss': 0.3408, 'epoch': 49, 'lr': 6.06375e-07}
 80%|████████████████████████████████████████████████████████████████████████████████████████████████████████████████████████████████████████████████████▊                                     | 3200/4000 [19:03<08:06,  1.65it/s]2025-01-03 16:53:08,933 - INFO - {'loss': 0.1722, 'epoch': 50, 'lr': 6.00125e-07}
2025-01-03 16:53:18,217 - INFO - Eval results: {'accuracy': 0.902, 'global_step': 3200}
 81%|███████████████████████████████████████████████████████████████████████████████████████████████████████████████████████████████████████████████████████▏                                  | 3250/4000 [19:25<07:15,  1.72it/s]2025-01-03 16:53:31,265 - INFO - {'loss': 0.243, 'epoch': 51, 'lr': 5.938749999999999e-07}
 82%|█████████████████████████████████████████████████████████████████████████████████████████████████████████████████████████████████████████████████████████▍                                | 3300/4000 [19:38<07:24,  1.57it/s]2025-01-03 16:53:44,288 - INFO - {'loss': 0.24, 'epoch': 52, 'lr': 5.87625e-07}
2025-01-03 16:53:53,564 - INFO - Eval results: {'accuracy': 0.904, 'global_step': 3300}
 84%|███████████████████████████████████████████████████████████████████████████████████████████████████████████████████████████████████████████████████████████▊                              | 3350/4000 [20:01<07:07,  1.52it/s]2025-01-03 16:54:06,967 - INFO - {'loss': 0.1722, 'epoch': 53, 'lr': 5.813749999999999e-07}
 85%|██████████████████████████████████████████████████████████████████████████████████████████████████████████████████████████████████████████████████████████████                            | 3400/4000 [20:14<06:24,  1.56it/s]2025-01-03 16:54:20,063 - INFO - {'loss': 0.707, 'epoch': 53, 'lr': 5.75125e-07}
2025-01-03 16:54:29,329 - INFO - Eval results: {'accuracy': 0.914, 'global_step': 3400}
 86%|████████████████████████████████████████████████████████████████████████████████████████████████████████████████████████████████████████████████████████████████▍                         | 3450/4000 [20:36<05:46,  1.59it/s]2025-01-03 16:54:42,539 - INFO - {'loss': 0.3699, 'epoch': 54, 'lr': 5.68875e-07}
 88%|██████████████████████████████████████████████████████████████████████████████████████████████████████████████████████████████████████████████████████████████████▊                       | 3500/4000 [20:49<04:56,  1.69it/s]2025-01-03 16:54:55,390 - INFO - {'loss': 0.4094, 'epoch': 55, 'lr': 5.626249999999999e-07}
2025-01-03 16:55:04,660 - INFO - Eval results: {'accuracy': 0.916, 'global_step': 3500}
 89%|█████████████████████████████████████████████████████████████████████████████████████████████████████████████████████████████████████████████████████████████████████                     | 3550/4000 [21:12<04:56,  1.52it/s]2025-01-03 16:55:17,931 - INFO - {'loss': 0.1235, 'epoch': 56, 'lr': 5.56375e-07}
 90%|███████████████████████████████████████████████████████████████████████████████████████████████████████████████████████████████████████████████████████████████████████▍                  | 3600/4000 [21:25<04:06,  1.62it/s]2025-01-03 16:55:30,966 - INFO - {'loss': 0.1615, 'epoch': 57, 'lr': 5.50125e-07}
2025-01-03 16:55:40,233 - INFO - Eval results: {'accuracy': 0.916, 'global_step': 3600}
 91%|█████████████████████████████████████████████████████████████████████████████████████████████████████████████████████████████████████████████████████████████████████████▋                | 3650/4000 [21:47<03:44,  1.56it/s]2025-01-03 16:55:53,419 - INFO - {'loss': 0.2627, 'epoch': 57, 'lr': 5.438749999999999e-07}
 92%|████████████████████████████████████████████████████████████████████████████████████████████████████████████████████████████████████████████████████████████████████████████              | 3700/4000 [22:00<03:12,  1.56it/s]2025-01-03 16:56:06,558 - INFO - {'loss': 0.1824, 'epoch': 58, 'lr': 5.37625e-07}
2025-01-03 16:56:15,828 - INFO - Eval results: {'accuracy': 0.924, 'global_step': 3700}
2025-01-03 16:56:15,828 - INFO - Best dev result: 0.924
 94%|██████████████████████████████████████████████████████████████████████████████████████████████████████████████████████████████████████████████████████████████████████████████▍           | 3750/4000 [22:23<02:46,  1.50it/s]2025-01-03 16:56:29,658 - INFO - {'loss': 0.0748, 'epoch': 59, 'lr': 5.31375e-07}
 95%|████████████████████████████████████████████████████████████████████████████████████████████████████████████████████████████████████████████████████████████████████████████████▋         | 3800/4000 [22:36<02:06,  1.58it/s]2025-01-03 16:56:42,810 - INFO - {'loss': 0.2805, 'epoch': 60, 'lr': 5.25125e-07}
2025-01-03 16:56:52,087 - INFO - Eval results: {'accuracy': 0.936, 'global_step': 3800}
2025-01-03 16:56:52,088 - INFO - Best dev result: 0.936
 96%|███████████████████████████████████████████████████████████████████████████████████████████████████████████████████████████████████████████████████████████████████████████████████       | 3850/4000 [22:59<01:35,  1.56it/s]2025-01-03 16:57:05,733 - INFO - {'loss': 0.2583, 'epoch': 61, 'lr': 5.18875e-07}
 98%|█████████████████████████████████████████████████████████████████████████████████████████████████████████████████████████████████████████████████████████████████████████████████████▎    | 3900/4000 [23:13<01:04,  1.55it/s]2025-01-03 16:57:18,993 - INFO - {'loss': 0.2224, 'epoch': 61, 'lr': 5.12625e-07}
2025-01-03 16:57:28,262 - INFO - Eval results: {'accuracy': 0.932, 'global_step': 3900}
 99%|███████████████████████████████████████████████████████████████████████████████████████████████████████████████████████████████████████████████████████████████████████████████████████▋  | 3950/4000 [23:35<00:32,  1.56it/s]2025-01-03 16:57:41,327 - INFO - {'loss': 0.2561, 'epoch': 62, 'lr': 5.06375e-07}
100%|██████████████████████████████████████████████████████████████████████████████████████████████████████████████████████████████████████████████████████████████████████████████████████████| 4000/4000 [23:48<00:00,  1.60it/s]2025-01-03 16:57:54,342 - INFO - {'loss': 0.1268, 'epoch': 63, 'lr': 5.001249999999999e-07}
2025-01-03 16:58:03,616 - INFO - Eval results: {'accuracy': 0.932, 'global_step': 4000}
2025-01-03 16:58:03,617 - INFO -

Training completed. Do not forget to share your model on huggingface.co/models =)


{'train_runtime': 1437.72, 'train_samples_per_second': 44.515, 'train_steps_per_second': 2.782, 'train_loss': 0.3379762878417969, 'epoch': 63.49}
100%|██████████████████████████████████████████████████████████████████████████████████████████████████████████████████████████████████████████████████████████████████████████████████████████| 4000/4000 [23:57<00:00,  2.78it/s]
2025-01-03 16:58:03,618 - INFO - There are 0 training samples and 500 validation samples
100%|████████████████████████████████████████████████████████████████████████████████████████████████████████████████████████████████████████████████████████████████████████████████████████████| 500/500 [00:09<00:00, 53.87it/s]
2025-01-03 16:58:12,899 - INFO - ===== Train set 26 =====
2025-01-03 16:58:12,899 - INFO - {'accuracy': 0.932}